<?xml version="1.0" encoding="UTF-8"?>
<!-- Generated by org.testng.reporters.JUnitXMLReporter -->
<testsuite ignored="0" hostname="ACD-002" failures="0" tests="2" name="log-in" time="0.031" errors="0" timestamp="23 Aug 2019 11:06:56 GMT">
  <testcase classname="Driver.DriverClass" name="@BeforeTest openBrowser" time="0.0">
    <failure type="org.testng.TestNGException" message="
Parameter &amp;apos;Browser&amp;apos; is required by BeforeTest on method openBrowser but has not been marked @Optional or defined
in D:\Znode Workspace\Webstore\Test Suites\PlaceOrder\PlaceOrderByRegisteredUser.xml">
      <![CDATA[org.testng.TestNGException: 
Parameter 'Browser' is required by BeforeTest on method openBrowser but has not been marked @Optional or defined
in D:\Znode Workspace\Webstore\Test Suites\PlaceOrder\PlaceOrderByRegisteredUser.xml
... Removed 21 stack frames]]>
    </failure>
  </testcase> <!-- @BeforeTest openBrowser -->
  <testcase classname="Login.TestCases.Login" name="clickOnLoginLink" time="0.0">
    <skipped/>
  </testcase> <!-- clickOnLoginLink -->
  <testcase classname="Login.TestCases.Login" name="enterLoginCredentials" time="0.0">
    <skipped/>
  </testcase> <!-- enterLoginCredentials -->
</testsuite> <!-- log-in -->
